<?xml version="1.0" encoding="UTF-8"?>
<!-- Generated by org.testng.reporters.JUnitReportReporter -->
<testsuite hostname="Priya" failures="0" tests="3" name="com.CICDAutomation.demo.AppTest" time="7.485" errors="0" timestamp="22 Nov 2021 18:31:43 GMT" skipped="0">
  <testcase classname="com.CICDAutomation.demo.AppTest" name="test2" time="2.750"/>
  <testcase classname="com.CICDAutomation.demo.AppTest" name="test1" time="2.655"/>
  <testcase classname="com.CICDAutomation.demo.AppTest" name="test3" time="2.080"/>
</testsuite> <!-- com.CICDAutomation.demo.AppTest -->
